1493383948.254106 client started (7348): socket /tmp/tmux-1000/default, protocol 8
1493383948.254135 on Linux 4.10.0-19-generic #21-Ubuntu SMP Thu Apr 6 17:04:57 UTC 2017; libevent 2.0.21-stable (poll)
1493383948.254151 socket is /tmp/tmux-1000/default
1493383948.254160 trying connect
1493383948.254270 add peer 0x55def6e4f640: 6 ((nil))
1493383948.254324 sending message 100 to peer 0x55def6e4f640 (4 bytes)
1493383948.254333 sending message 101 to peer 0x55def6e4f640 (16 bytes)
1493383948.254339 sending message 102 to peer 0x55def6e4f640 (11 bytes)
1493383948.254344 sending message 108 to peer 0x55def6e4f640 (23 bytes)
1493383948.254350 sending message 104 to peer 0x55def6e4f640 (0 bytes)
1493383948.254355 sending message 107 to peer 0x55def6e4f640 (4 bytes)
1493383948.254360 sending message 105 to peer 0x55def6e4f640 (29 bytes)
1493383948.254365 sending message 105 to peer 0x55def6e4f640 (22 bytes)
1493383948.254370 sending message 105 to peer 0x55def6e4f640 (54 bytes)
1493383948.254375 sending message 105 to peer 0x55def6e4f640 (50 bytes)
1493383948.254379 sending message 105 to peer 0x55def6e4f640 (22 bytes)
1493383948.254384 sending message 105 to peer 0x55def6e4f640 (11 bytes)
1493383948.254389 sending message 105 to peer 0x55def6e4f640 (17 bytes)
1493383948.254394 sending message 105 to peer 0x55def6e4f640 (64 bytes)
1493383948.254399 sending message 105 to peer 0x55def6e4f640 (35 bytes)
1493383948.254404 sending message 105 to peer 0x55def6e4f640 (24 bytes)
1493383948.254408 sending message 105 to peer 0x55def6e4f640 (33 bytes)
1493383948.254413 sending message 105 to peer 0x55def6e4f640 (44 bytes)
1493383948.254418 sending message 105 to peer 0x55def6e4f640 (55 bytes)
1493383948.254422 sending message 105 to peer 0x55def6e4f640 (19 bytes)
1493383948.254427 sending message 105 to peer 0x55def6e4f640 (28 bytes)
1493383948.254434 sending message 105 to peer 0x55def6e4f640 (18 bytes)
1493383948.254439 sending message 105 to peer 0x55def6e4f640 (23 bytes)
1493383948.254444 sending message 105 to peer 0x55def6e4f640 (17 bytes)
1493383948.254448 sending message 105 to peer 0x55def6e4f640 (23 bytes)
1493383948.254453 sending message 105 to peer 0x55def6e4f640 (30 bytes)
1493383948.254458 sending message 105 to peer 0x55def6e4f640 (27 bytes)
1493383948.254462 sending message 105 to peer 0x55def6e4f640 (24 bytes)
1493383948.254467 sending message 105 to peer 0x55def6e4f640 (20 bytes)
1493383948.254471 sending message 105 to peer 0x55def6e4f640 (23 bytes)
1493383948.254476 sending message 105 to peer 0x55def6e4f640 (21 bytes)
1493383948.254480 sending message 105 to peer 0x55def6e4f640 (25 bytes)
1493383948.254485 sending message 105 to peer 0x55def6e4f640 (20 bytes)
1493383948.254490 sending message 105 to peer 0x55def6e4f640 (15 bytes)
1493383948.254494 sending message 105 to peer 0x55def6e4f640 (53 bytes)
1493383948.254499 sending message 105 to peer 0x55def6e4f640 (20 bytes)
1493383948.254507 sending message 105 to peer 0x55def6e4f640 (369 bytes)
1493383948.254512 sending message 105 to peer 0x55def6e4f640 (27 bytes)
1493383948.254517 sending message 105 to peer 0x55def6e4f640 (18 bytes)
1493383948.254521 sending message 105 to peer 0x55def6e4f640 (19 bytes)
1493383948.254526 sending message 105 to peer 0x55def6e4f640 (17 bytes)
1493383948.254531 sending message 105 to peer 0x55def6e4f640 (35 bytes)
1493383948.254535 sending message 105 to peer 0x55def6e4f640 (80 bytes)
1493383948.254540 sending message 105 to peer 0x55def6e4f640 (19 bytes)
1493383948.254544 sending message 105 to peer 0x55def6e4f640 (8 bytes)
1493383948.254549 sending message 105 to peer 0x55def6e4f640 (19 bytes)
1493383948.254554 sending message 105 to peer 0x55def6e4f640 (41 bytes)
1493383948.254558 sending message 105 to peer 0x55def6e4f640 (21 bytes)
1493383948.254563 sending message 105 to peer 0x55def6e4f640 (19 bytes)
1493383948.254567 sending message 105 to peer 0x55def6e4f640 (27 bytes)
1493383948.254577 sending message 105 to peer 0x55def6e4f640 (35 bytes)
1493383948.254582 sending message 105 to peer 0x55def6e4f640 (13 bytes)
1493383948.254587 sending message 105 to peer 0x55def6e4f640 (12 bytes)
1493383948.254598 sending message 105 to peer 0x55def6e4f640 (16 bytes)
1493383948.254603 sending message 105 to peer 0x55def6e4f640 (13 bytes)
1493383948.254608 sending message 105 to peer 0x55def6e4f640 (41 bytes)
1493383948.254612 sending message 105 to peer 0x55def6e4f640 (44 bytes)
1493383948.254617 sending message 105 to peer 0x55def6e4f640 (26 bytes)
1493383948.254622 sending message 105 to peer 0x55def6e4f640 (165 bytes)
1493383948.254626 sending message 105 to peer 0x55def6e4f640 (23 bytes)
1493383948.254631 sending message 105 to peer 0x55def6e4f640 (31 bytes)
1493383948.254635 sending message 105 to peer 0x55def6e4f640 (15 bytes)
1493383948.254640 sending message 105 to peer 0x55def6e4f640 (26 bytes)
1493383948.254644 sending message 105 to peer 0x55def6e4f640 (17 bytes)
1493383948.254649 sending message 105 to peer 0x55def6e4f640 (21 bytes)
1493383948.254664 sending message 105 to peer 0x55def6e4f640 (11 bytes)
1493383948.254670 sending message 105 to peer 0x55def6e4f640 (20 bytes)
1493383948.254674 sending message 105 to peer 0x55def6e4f640 (16 bytes)
1493383948.254679 sending message 105 to peer 0x55def6e4f640 (84 bytes)
1493383948.254684 sending message 105 to peer 0x55def6e4f640 (27 bytes)
1493383948.254688 sending message 105 to peer 0x55def6e4f640 (32 bytes)
1493383948.254693 sending message 105 to peer 0x55def6e4f640 (38 bytes)
1493383948.254698 sending message 105 to peer 0x55def6e4f640 (26 bytes)
1493383948.254703 sending message 105 to peer 0x55def6e4f640 (16 bytes)
1493383948.254707 sending message 105 to peer 0x55def6e4f640 (51 bytes)
1493383948.254712 sending message 105 to peer 0x55def6e4f640 (12 bytes)
1493383948.254717 sending message 105 to peer 0x55def6e4f640 (12 bytes)
1493383948.254721 sending message 105 to peer 0x55def6e4f640 (19 bytes)
1493383948.254726 sending message 105 to peer 0x55def6e4f640 (113 bytes)
1493383948.254730 sending message 105 to peer 0x55def6e4f640 (71 bytes)
1493383948.254735 sending message 105 to peer 0x55def6e4f640 (30 bytes)
1493383948.254740 sending message 105 to peer 0x55def6e4f640 (52 bytes)
1493383948.254744 sending message 105 to peer 0x55def6e4f640 (45 bytes)
1493383948.254749 sending message 105 to peer 0x55def6e4f640 (42 bytes)
1493383948.254754 sending message 105 to peer 0x55def6e4f640 (66 bytes)
1493383948.254758 sending message 105 to peer 0x55def6e4f640 (66 bytes)
1493383948.254763 sending message 105 to peer 0x55def6e4f640 (39 bytes)
1493383948.254768 sending message 105 to peer 0x55def6e4f640 (44 bytes)
1493383948.254773 sending message 105 to peer 0x55def6e4f640 (11 bytes)
1493383948.254777 sending message 105 to peer 0x55def6e4f640 (8 bytes)
1493383948.254782 sending message 105 to peer 0x55def6e4f640 (21 bytes)
1493383948.254787 sending message 105 to peer 0x55def6e4f640 (32 bytes)
1493383948.254792 sending message 105 to peer 0x55def6e4f640 (1468 bytes)
1493383948.254798 sending message 105 to peer 0x55def6e4f640 (17 bytes)
1493383948.254803 sending message 105 to peer 0x55def6e4f640 (869 bytes)
1493383948.254808 sending message 105 to peer 0x55def6e4f640 (26 bytes)
1493383948.254813 sending message 105 to peer 0x55def6e4f640 (29 bytes)
1493383948.254817 sending message 105 to peer 0x55def6e4f640 (14 bytes)
1493383948.254822 sending message 105 to peer 0x55def6e4f640 (16 bytes)
1493383948.254827 sending message 106 to peer 0x55def6e4f640 (0 bytes)
1493383948.254832 sending message 200 to peer 0x55def6e4f640 (4 bytes)
1493383948.254837 client loop enter
1493383948.255116 peer 0x55def6e4f640 message 211
1493383948.255248 peer 0x55def6e4f640 message 203
1493383948.255256 client loop exit
